<?xml version="1.0" encoding="UTF-8"?>
<!-- Generated by org.testng.reporters.JUnitXMLReporter -->
<testsuite hostname="Dhruvs-Air" ignored="0" tests="7" failures="0" timestamp="2021-06-14T14:22:07 EDT" time="10.414" errors="0">
  <testcase name="all_Character_Valid_Test" time="4.673" classname="TestCases"/>
  <testcase name="all_Character_Invalid_Test" time="1.046" classname="TestCases"/>
  <testcase name="Blank_Search" time="1.643" classname="TestCases"/>
  <testcase name="specific_Character_Valid_Test" time="0.712" classname="TestCases"/>
  <testcase name="specific_Character_Invalid_Test" time="0.807" classname="TestCases"/>
  <testcase name="search_Planets_Valid_Test" time="0.695" classname="TestCases"/>
  <testcase name="search_Planets_Invalid_Test" time="0.697" classname="TestCases"/>
</testsuite>
